<?xml version="1.0" encoding="UTF-8"?>
<!-- Generated by org.testng.reporters.JUnitReportReporter -->
<testsuite hostname="RENLTP2N103" failures="0" tests="1" name="SoftAndHardAssertion.HardAssertion" time="0.011" errors="0" timestamp="2021-10-27T10:28:10 IST" skipped="0">
  <testcase classname="SoftAndHardAssertion.HardAssertion" name="testAssert" time="0.011"/>
  <system-out/>
</testsuite> <!-- SoftAndHardAssertion.HardAssertion -->
