<?xml version="1.0" encoding="UTF-8"?>
<!-- Generated by org.testng.reporters.JUnitReportReporter -->
<testsuite hostname="RENLTP2N103" failures="0" tests="1" name="SoftAndHardAssertion.TestCase1" time="11.096" errors="0" timestamp="2021-10-27T11:04:07 IST" skipped="0">
  <testcase classname="SoftAndHardAssertion.TestCase1" name="loginTest" time="11.096"/>
  <system-out/>
</testsuite> <!-- SoftAndHardAssertion.TestCase1 -->
