<?xml version="1.0" encoding="UTF-8"?>
<!-- Generated by org.testng.reporters.JUnitReportReporter -->
<testsuite hostname="RENLTP2N103" failures="0" tests="1" name="Test.GoogleSearchTest" time="4.257" errors="0" timestamp="2021-11-11T12:34:38 IST" skipped="0">
  <testcase classname="Test.GoogleSearchTest" name="googleSearch" time="4.257"/>
  <system-out/>
</testsuite> <!-- Test.GoogleSearchTest -->
