<?xml version="1.0" encoding="UTF-8"?>
<!-- Generated by org.testng.reporters.JUnitReportReporter -->
<testsuite hostname="RENLTP2N103" failures="0" tests="4" name="com.test.DependAndGroupTest" time="0.013" errors="0" timestamp="2021-10-29T11:36:37 IST" skipped="0">
  <testcase classname="com.test.DependAndGroupTest" name="login" time="0.006"/>
  <system-out/>
  <testcase classname="com.test.DependAndGroupTest" name="getTitle" time="0.001"/>
  <system-out/>
  <testcase classname="com.test.DependAndGroupTest" name="verifyLogo" time="0.003"/>
  <system-out/>
  <testcase classname="com.test.DependAndGroupTest" name="verifyGmailLink" time="0.003"/>
  <system-out/>
</testsuite> <!-- com.test.DependAndGroupTest -->
