<?xml version="1.0" encoding="UTF-8"?>
<!-- Generated by org.testng.reporters.JUnitReportReporter -->
<testsuite hostname="RENLTP2N103" failures="0" tests="3" name="com.test.GoogleLogoTest" time="34.283" errors="0" timestamp="2021-11-16T18:33:33 IST" skipped="0">
  <testcase classname="com.test.GoogleLogoTest" name="getTitle" time="9.347"/>
  <system-out/>
  <testcase classname="com.test.GoogleLogoTest" name="logoSearch" time="9.440"/>
  <system-out/>
  <testcase classname="com.test.GoogleLogoTest" name="gmailLink" time="15.496"/>
  <system-out/>
</testsuite> <!-- com.test.GoogleLogoTest -->
